{"name": "test_invalid_name_zero_length", "status": "failed", "statusDetails": {"message": "AssertionError: assert 210 == 400\n +  where 210 = <Response [210]>.status_code", "trace": "self = <test_api_creation.TestAPICreation object at 0x10d413850>, api_client = <ApiClient(Thread-16, initial)>\n\n    @pytest.mark.API\n    def test_invalid_name_zero_length(self, api_client):\n        data = {\"username\": '', \"password\": \"zero_length_username_pass\", \"email\": \"zero_length_username@mail.ru\"}\n    \n        response = api_client.create(**data)\n>       assert response.status_code == 400\nE       assert 210 == 400\nE        +  where 210 = <Response [210]>.status_code\n\ntests/tests_api/test_api_creation.py:66: AssertionError"}, "start": 1589964396308, "stop": 1589964396337, "uuid": "eb5f4b2c-eba1-48fc-b416-05e580fbb9ef", "historyId": "366a87c81691a0ec1c8b1e8f526410c8", "testCaseId": "f2926af1f4a485cf4488bf71612b514c", "fullName": "tests.tests_api.test_api_creation.TestAPICreation#test_invalid_name_zero_length", "labels": [{"name": "tag", "value": "API"}, {"name": "parentSuite", "value": "tests.tests_api"}, {"name": "suite", "value": "test_api_creation"}, {"name": "subSuite", "value": "TestAPICreation"}, {"name": "host", "value": "MacBook-Air-Mac.local"}, {"name": "thread", "value": "2045-MainThread"}, {"name": "framework", "value": "pytest"}, {"name": "language", "value": "cpython3"}, {"name": "package", "value": "tests.tests_api.test_api_creation"}]}