{"name": "test_invalid_data[data3]", "status": "failed", "statusDetails": {"message": "AssertionError: assert 210 == 400\n  +210\n  -400", "trace": "self = <test_api_creation.TestAPICreation object at 0x112f40c90>, api_client = <ApiClient(Thread-21, initial)>\ndata = {'email': 'invalid_email', 'password': 'invalid_email', 'username': 'invalid_email'}\n\n    @pytest.mark.API\n    @pytest.mark.parametrize(\"data\", [data11, data21, data31, data41, data51, data61, data71])\n    def test_invalid_data(self, api_client, data):\n    \n        response = api_client.create(**data)\n>       assert response.status_code == 400\nE       assert 210 == 400\nE         +210\nE         -400\n\napi_client = <ApiClient(Thread-21, initial)>\ndata       = {'email': 'invalid_email', 'password': 'invalid_email', 'username': 'invalid_email'}\nresponse   = <Response [210]>\nself       = <test_api_creation.TestAPICreation object at 0x112f40c90>\n\ntests/tests_api/test_api_creation.py:56: AssertionError"}, "parameters": [{"name": "data", "value": "{'username': 'invalid_email', 'password': 'invalid_email', 'email': 'invalid_email'}"}], "start": 1589971078071, "stop": 1589971078103, "uuid": "f2826431-c5e2-4bb0-92dc-fe90e1c9fb1d", "historyId": "9deb5be31400bcf1769ee38e725ab256", "testCaseId": "0376a905d4248e62a552bb387e2a6e5e", "fullName": "tests.tests_api.test_api_creation.TestAPICreation#test_invalid_data", "labels": [{"name": "tag", "value": "API"}, {"name": "parentSuite", "value": "tests.tests_api"}, {"name": "suite", "value": "test_api_creation"}, {"name": "subSuite", "value": "TestAPICreation"}, {"name": "host", "value": "MacBook-Air-Mac.local"}, {"name": "thread", "value": "2637-MainThread"}, {"name": "framework", "value": "pytest"}, {"name": "language", "value": "cpython3"}, {"name": "package", "value": "tests.tests_api.test_api_creation"}]}