{"name": "test_invalid_data[data1]", "status": "failed", "statusDetails": {"message": "AssertionError: assert 210 == 400\n  +210\n  -400", "trace": "self = <test_api_creation.TestAPICreation object at 0x112fae0d0>, api_client = <ApiClient(Thread-19, initial)>, data = {'email': '', 'password': 'zero_email', 'username': 'zero_email'}\n\n    @pytest.mark.API\n    @pytest.mark.parametrize(\"data\", [data11, data21, data31, data41, data51, data61, data71])\n    def test_invalid_data(self, api_client, data):\n    \n        response = api_client.create(**data)\n>       assert response.status_code == 400\nE       assert 210 == 400\nE         +210\nE         -400\n\napi_client = <ApiClient(Thread-19, initial)>\ndata       = {'email': '', 'password': 'zero_email', 'username': 'zero_email'}\nresponse   = <Response [210]>\nself       = <test_api_creation.TestAPICreation object at 0x112fae0d0>\n\ntests/tests_api/test_api_creation.py:56: AssertionError"}, "parameters": [{"name": "data", "value": "{'username': 'zero_email', 'password': 'zero_email', 'email': ''}"}], "start": 1589971077677, "stop": 1589971077712, "uuid": "1f3666d2-a0b2-4131-bde6-9c5f5ed8c287", "historyId": "a3b2d976f6d3933dc19e5ca2ac0c13c6", "testCaseId": "0376a905d4248e62a552bb387e2a6e5e", "fullName": "tests.tests_api.test_api_creation.TestAPICreation#test_invalid_data", "labels": [{"name": "tag", "value": "API"}, {"name": "parentSuite", "value": "tests.tests_api"}, {"name": "suite", "value": "test_api_creation"}, {"name": "subSuite", "value": "TestAPICreation"}, {"name": "host", "value": "MacBook-Air-Mac.local"}, {"name": "thread", "value": "2637-MainThread"}, {"name": "framework", "value": "pytest"}, {"name": "language", "value": "cpython3"}, {"name": "package", "value": "tests.tests_api.test_api_creation"}]}