{"name": "test_invalid_name_big_length", "status": "failed", "statusDetails": {"message": "AssertionError: assert 210 == 400\n +  where 210 = <Response [210]>.status_code", "trace": "self = <test_api_creation.TestAPICreation object at 0x10d4208d0>, api_client = <ApiClient(Thread-17, initial)>\n\n    @pytest.mark.API\n    def test_invalid_name_big_length(self, api_client):\n        data = {\"username\": 'very_big_length_username', \"password\": \"big_length_username_pas\", \"email\": \"big_length_username@mail.ru\"}\n    \n        response = api_client.create(**data)\n>       assert response.status_code == 400\nE       assert 210 == 400\nE        +  where 210 = <Response [210]>.status_code\n\ntests/tests_api/test_api_creation.py:73: AssertionError"}, "start": 1589964396466, "stop": 1589964396496, "uuid": "71706fdc-6202-4fa7-a303-344bb62740a0", "historyId": "8c5401afa65deadeaa2092222fede2b6", "testCaseId": "00d6d910d96ac4d4a378e59eee42b830", "fullName": "tests.tests_api.test_api_creation.TestAPICreation#test_invalid_name_big_length", "labels": [{"name": "tag", "value": "API"}, {"name": "parentSuite", "value": "tests.tests_api"}, {"name": "suite", "value": "test_api_creation"}, {"name": "subSuite", "value": "TestAPICreation"}, {"name": "host", "value": "MacBook-Air-Mac.local"}, {"name": "thread", "value": "2045-MainThread"}, {"name": "framework", "value": "pytest"}, {"name": "language", "value": "cpython3"}, {"name": "package", "value": "tests.tests_api.test_api_creation"}]}