{"name": "test_create_account_status_code", "status": "failed", "statusDetails": {"message": "AssertionError: Response status code isn't 201\nassert 210 == 201\n +  where 210 = <Response [210]>.status_code", "trace": "self = <test_api_creation.TestAPICreation object at 0x10cbc1e90>, api_client = <ApiClient(Thread-12, initial)>\n\n    @pytest.mark.API\n    def test_create_account_status_code(self, api_client):\n        data = api_client.form_valid_user_data()\n        response = api_client.create(data[\"username\"], data[\"password\"], data[\"email\"])\n>       assert response.status_code == 201, \"Response status code isn't 201\"\nE       AssertionError: Response status code isn't 201\nE       assert 210 == 201\nE        +  where 210 = <Response [210]>.status_code\n\ntests/tests_api/test_api_creation.py:13: AssertionError"}, "start": 1589964394585, "stop": 1589964394616, "uuid": "059b5bc1-43f8-46f2-806c-4cb12695ae91", "historyId": "a6e5ea877313cbcced498d3f2f0e633c", "testCaseId": "51c337488add4454f5976fcb45172e4d", "fullName": "tests.tests_api.test_api_creation.TestAPICreation#test_create_account_status_code", "labels": [{"name": "tag", "value": "API"}, {"name": "parentSuite", "value": "tests.tests_api"}, {"name": "suite", "value": "test_api_creation"}, {"name": "subSuite", "value": "TestAPICreation"}, {"name": "host", "value": "MacBook-Air-Mac.local"}, {"name": "thread", "value": "2045-MainThread"}, {"name": "framework", "value": "pytest"}, {"name": "language", "value": "cpython3"}, {"name": "package", "value": "tests.tests_api.test_api_creation"}]}