{"name": "test_invalid_name_small_length", "status": "failed", "statusDetails": {"message": "AssertionError: assert 210 == 400\n +  where 210 = <Response [210]>.status_code", "trace": "self = <test_api_creation.TestAPICreation object at 0x10cbcea90>, api_client = <ApiClient(Thread-15, initial)>\n\n    @pytest.mark.API\n    def test_invalid_name_small_length(self, api_client):\n        data = {\"username\": 's', \"password\": \"small_length_username_pas\", \"email\": \"small_length_username@mail.ru\"}\n    \n        response = api_client.create(**data)\n>       assert response.status_code == 400\nE       assert 210 == 400\nE        +  where 210 = <Response [210]>.status_code\n\ntests/tests_api/test_api_creation.py:59: AssertionError"}, "start": 1589964396157, "stop": 1589964396194, "uuid": "07a48cce-10f0-4b21-aab7-67a70c4ac3f2", "historyId": "11857766555309b791adc83601a2ba47", "testCaseId": "1f93d38f8f1c274ad7cbc5f471176502", "fullName": "tests.tests_api.test_api_creation.TestAPICreation#test_invalid_name_small_length", "labels": [{"name": "tag", "value": "API"}, {"name": "parentSuite", "value": "tests.tests_api"}, {"name": "suite", "value": "test_api_creation"}, {"name": "subSuite", "value": "TestAPICreation"}, {"name": "host", "value": "MacBook-Air-Mac.local"}, {"name": "thread", "value": "2045-MainThread"}, {"name": "framework", "value": "pytest"}, {"name": "language", "value": "cpython3"}, {"name": "package", "value": "tests.tests_api.test_api_creation"}]}